ERROR: LoadError: ERROR: LoadError: ERROR: LoadError: ERROR: LoadError: CUDA error: invalid argument (code 1, ERROR_INVALID_VALUE)
Stacktrace:
  [1] CUDA error: invalid argument (code 1, ERROR_INVALID_VALUE)
Stacktrace:
  [1] throw_api_error(res::CUDA error: invalid argument (code 1, ERROR_INVALID_VALUE)
Stacktrace:
  [1] throw_api_error(res::CUDA error: invalid argument (code 1, ERROR_INVALID_VALUE)
Stacktrace:
  [1] throw_api_error(CUDA.cudaError_enum)
    @ res::CUDA ~/.julia/packages/CUDA/YpW0k/lib/cudadrv/throw_api_error(error.jl:91
  [2] macro expansion
    @ ~/.julia/packages/CUDA/YpW0k/lib/cudadrv/error.jl:101 [inlined]
  [3] cuMemHostGetDevicePointer_v2(pdptr::Base.RefValue{CUDA.CuPtr{Nothing}}, p::Ptr{Nothing}, Flags::Int64)
    @ CUDA ~/.julia/packages/CUDA/YpW0k/lib/utils/call.jl:26
  [4] convert
    @ ~/.julia/packages/CUDA/YpW0k/lib/cudadrv/memory.jl:130 [inlined]
  [5] unsafe_convert
    @ ~/.julia/packages/CUDA/YpW0k/src/array.jl:320 [inlined]
  [6] pointer
    @ ~/.julia/packages/CUDA/YpW0k/src/array.jl:275 [inlined]
  [7] unsafe_convert
    @ ~/.julia/packages/CUDA/YpW0k/src/array.jl:327 [inlined]
  [8] adapt_structure
    @ ~/.julia/packages/CUDA/YpW0k/src/compiler/execution.jl:139 [inlined]
  [9] adapt
    @ ~/.julia/packages/Adapt/RGNRk/src/Adapt.jl:40 [inlined]
 [10] cudaconvert(arg::CUDA.CuArray{Float64, 1, CUDA.Mem.HostBuffer})
    @ CUDA ~/.julia/packages/CUDA/YpW0k/src/compiler/execution.jl:152
 [11] map
    @ ./tuple.jl:216 [inlined]
 [12] macro expansion
    @ ~/.julia/packages/CUDA/YpW0k/src/compiler/execution.jl:100 [inlined]
 [13] iwrite_sendbufs!(n::Int64, dim::Int64, A::CUDA.CuArray{Float64, 2, CUDA.Mem.DeviceBuffer}, i::Int64)
    @ ImplicitGlobalGrid ~/.julia/packages/ImplicitGlobalGrid/b8fz5/src/update_halo.jl:347
 [14] _update_halo!(fields::CUDA.CuArray{Float64, 2, CUDA.Mem.DeviceBuffer})
    @ ImplicitGlobalGrid ~/.julia/packages/ImplicitGlobalGrid/b8fz5/src/update_halo.jl:38
 [15] update_halo!
    @ ~/.julia/packages/ImplicitGlobalGrid/b8fz5/src/update_halo.jl:27 [inlined]
 [16] macro expansion
    @ ~/.julia/packages/ParallelStencil/Xk4sl/src/ParallelKernel/hide_communication.jl:73 [inlined]
 [17] res::CUDA.cudaError_enum)
    @ acoustic_2D(; do_visu::Bool)
    @ Main /scratch/amandt/pde-repo/lecture8/acoustic_2D_perf_multixpu.jl:71
 [18] top-level scope
    @ /scratch/amandt/pde-repo/lecture8/acoustic_2D_perf_multixpu.jl:94
in expression starting at /scratch/amandt/pde-repo/lecture8/acoustic_2D_perf_multixpu.jl:94
CUDA ~/.julia/packages/CUDA/YpW0k/lib/cudadrv/error.jl:91
  [2] macro expansion
    @ ~/.julia/packages/CUDA/YpW0k/lib/cudadrv/error.jl:101 [inlined]
  [3] cuMemHostGetDevicePointer_v2(pdptr::Base.RefValue{CUDA.CuPtr{Nothing}}, p::Ptr{Nothing}, Flags::Int64)
    @ CUDA ~/.julia/packages/CUDA/YpW0k/lib/utils/call.jl:26
  [4] convert
    @ ~/.julia/packages/CUDA/YpW0k/lib/cudadrv/memory.jl:130 [inlined]
  [5] unsafe_convert
    @ ~/.julia/packages/CUDA/YpW0k/src/array.jl:320 [inlined]
  [6] pointer
    @ ~/.julia/packages/CUDA/YpW0k/src/array.jl:275 [inlined]
  [7] unsafe_convert
    @ ~/.julia/packages/CUDA/YpW0k/src/array.jl:327 [inlined]
  [8] adapt_structure
    @ ~/.julia/packages/CUDA/YpW0k/src/compiler/execution.jl:139 [inlined]
  [9] adapt
    @ ~/.julia/packages/Adapt/RGNRk/src/Adapt.jl:40 [inlined]
 [10] cudaconvert(arg::CUDA.CuArray{Float64, 1, CUDA.Mem.HostBuffer})
    @ CUDA ~/.julia/packages/CUDA/YpW0k/src/compiler/execution.jl:152
 [11] map
    @ ./tuple.jl:216 [inlined]
 [12] macro expansion
    @ ~/.julia/packages/CUDA/YpW0k/src/compiler/execution.jl:100 [inlined]
 [13] iwrite_sendbufs!(n::Int64, dim::Int64, A::CUDA.CuArray{Float64, 2, CUDA.Mem.DeviceBuffer}, i::Int64)
    @ ImplicitGlobalGrid ~/.julia/packages/ImplicitGlobalGrid/b8fz5/src/update_halo.jl:347
 [14] _update_halo!(fields::CUDA.CuArray{Float64, 2, CUDA.Mem.DeviceBuffer})
    @ ImplicitGlobalGrid ~/.julia/packages/ImplicitGlobalGrid/b8fz5/src/update_halo.jl:38
 [15] update_halo!
    @ ~/.julia/packages/ImplicitGlobalGrid/b8fz5/src/update_halo.jl:27 [inlined]
 [16] macro expansion
    @ ~/.julia/packages/ParallelStencil/Xk4sl/src/ParallelKernel/hide_communication.jl:73 [inlined]
 [17] [91m[1mERROR: [22m[39mfailed process: Process(`[4m/home/amandt/.julia/artifacts/d3fd8d0103f34e0e64b918f571d874288181b4de/bin/mpiexec[24m [4m-n[24m [4m4[24m [4mjulia[24m [4macoustic_2D_perf_multixpu.jl[24m`, ProcessExited(1)) [1]

Stacktrace:
  [1] [0m[1mpipeline_error[22m
[90m    @ [39m[90m./[39m[90;4mprocess.jl:525[0m[90m [inlined][39m
  [2] [0m[1mrun[22m[0m[1m([22m::[0mCmd; [90mwait[39m::[0mBool[0m[1m)[22m
[90m    @ [39m[90mBase[39m [90m./[39m[90;4mprocess.jl:440[0m
  [3] [0m[1mrun[22m[0m[1m([22m::[0mCmd[0m[1m)[22m
[90m    @ [39m[90mBase[39m [90;4mprocess.jl:438[0m
  [4] [0m[1m(::var"#1#2")[22m[0m[1m([22m[90mexe[39m::[0mCmd[0m[1m)[22m
[90m    @ [39m[35mMain[39m [90;4mnone:4[0m
  [5] [0m[1m(::MPI.var"#8#9"{var"#1#2"})[22m[0m[1m([22m[90mcmd[39m::[0mString[0m[1m)[22m
[90m    @ [39m[36mMPI[39m [90m~/.julia/packages/MPI/90ZrE/src/[39m[90;4menvironment.jl:25[0m
  [6] [0m[1m(::JLLWrappers.var"#2#3"{MPI.var"#8#9"{var"#1#2"}, String})[22m[0m[1m([22m[0m[1m)[22m
[90m    @ [39m[32mJLLWrappers[39m [90m~/.julia/packages/JLLWrappers/bkwIo/src/[39m[90;4mruntime.jl:49[0m
  [7] [0m[1mwithenv[22m[0m[1m([22m::[0mJLLWrappers.var"#2#3"[90m{MPI.var"#8#9"{var"#1#2"}, String}[39m, ::[0mPair[90m{String, String}[39m, ::[0mVararg[90m{Pair{String, String}, N} where N[39m[0m[1m)[22m
[90m    @ [39m[90mBase[39m [90;4menv.jl:161[0m
  [8] [0m[1mwithenv_executable_wrapper[22m[0m[1m([22m[90mf[39m::[0mFunction, [90mexecutable_path[39m::[0mString, [90mPATH[39m::[0mString, [90mLIBPATH[39m::[0mString, [90madjust_PATH[39m::[0mBool, [90madjust_LIBPATH[39m::[0mBool[0m[1m)[22m
[90m    @ [39m[32mJLLWrappers[39m [90m~/.julia/packages/JLLWrappers/bkwIo/src/[39m[90;4mruntime.jl:48[0m
  [9] [0m[1minvokelatest[22m[0m[1m([22m::[0mAny, ::[0mAny, ::[0mVararg[90m{Any, N} where N[39m; [90mkwargs[39m::[0mBase.Iterators.Pairs[90m{Union{}, Union{}, Tuple{}, NamedTuple{(), Tuple{}}}[39m[0m[1m)[22m
[90m    @ [39m[90mBase[39m [90m./[39m[90;4messentials.jl:708[0m
 [10] [0m[1minvokelatest[22m[0m[1m([22m::[0mAny, ::[0mAny, ::[0mVararg[90m{Any, N} where N[39m[0m[1m)[22m
[90m    @ [39m[90mBase[39m [90m./[39m[90;4messentials.jl:706[0m
 [11] [0m[1mmpiexec[22m[0m[1m([22m[90mf[39m::[0mFunction; [90madjust_PATH[39m::[0mBool, [90madjust_LIBPATH[39m::[0mBool[0m[1m)[22m
[90m    @ [39m[33mMPICH_jll[39m [90m~/.julia/packages/JLLWrappers/bkwIo/src/products/[39m[90;4mexecutable_generators.jl:7[0m
 [12] [0m[1mmpiexec[22m[0m[1m([22m[90mf[39m::[0mFunction[0m[1m)[22m
[90m    @ [39m[33mMPICH_jll[39m [90m~/.julia/packages/JLLWrappers/bkwIo/src/products/[39m[90;4mexecutable_generators.jl:7[0m
 [13] [0m[1mmpiexec[22m[0m[1m([22m[90mfn[39m::[0mvar"#1#2"[0m[1m)[22m
[90m    @ [39m[36mMPI[39m [90m~/.julia/packages/MPI/90ZrE/src/[39m[90;4menvironment.jl:25[0m
 [14] top-level scope
[90m    @ [39m[90;4mnone:4[0m
